
(selenium_training) C:\Users\Mikhail\Documents\Development\sandbox_python\mera\selenium_training>py.test.exe -v -s test_pytest_example_parametrized_fixture.py
============================= test session starts =============================
platform win32 -- Python 2.7.8 -- py-1.4.30 -- pytest-2.7.2 -- c:\users\mikhail\documents\development\virtual_environments\selenium_training\scripts\python.exe
rootdir: C:\Users\Mikhail\Documents\Development\sandbox_python\mera\selenium_training, inifile:
collected 4 items

test_pytest_example_parametrized_fixture.py::test_CheckTitle[Url: 'https://www.yandex.com/'. Title: 'Yandex'] Py.test set-up method
Start new browser instance
PASSEDPy.test tear-down method

test_pytest_example_parametrized_fixture.py::test_CheckTitle[Url: 'https://www.yandex.com/'. Title: 'Google'] Py.test set-up method
Start new browser instance
FAILEDPy.test tear-down method

test_pytest_example_parametrized_fixture.py::test_CheckTitle[Url: 'http://www.google.com'. Title: 'Yandex'] Py.test set-up method
Start new browser instance
FAILEDPy.test tear-down method

test_pytest_example_parametrized_fixture.py::test_CheckTitle[Url: 'http://www.google.com'. Title: 'Google'] Py.test set-up method
Start new browser instance
PASSEDPy.test tear-down method


================================== FAILURES ===================================
______ test_CheckTitle[Url: 'https://www.yandex.com/'. Title: 'Google'] _______

setup = None

    def test_CheckTitle(setup):
        global url, title, page
        actual_title = page.open_web_page(url)
>       assert title == actual_title, "Title is incorrect. Expected '{}', Actual '{}'".format(title, actual_title)
E       AssertionError: Title is incorrect. Expected 'Google', Actual 'Yandex'
E       assert 'Google' == 'Yandex'
E         - Google
E         + Yandex

test_pytest_example_parametrized_fixture.py:68: AssertionError
_______ test_CheckTitle[Url: 'http://www.google.com'. Title: 'Yandex'] ________

setup = None

    def test_CheckTitle(setup):
        global url, title, page
        actual_title = page.open_web_page(url)
>       assert title == actual_title, "Title is incorrect. Expected '{}', Actual '{}'".format(title, actual_title)
E       AssertionError: Title is incorrect. Expected 'Yandex', Actual 'Google'
E       assert 'Yandex' == 'Google'
E         - Yandex
E         + Google

test_pytest_example_parametrized_fixture.py:68: AssertionError
==================== 2 failed, 2 passed in 170.59 seconds =====================

(selenium_training) C:\Users\Mikhail\Documents\Development\sandbox_python\mera\selenium_training>